<?xml version="1.0" encoding="UTF-8"?>
<!-- Generated by org.testng.reporters.JUnitReportReporter -->
<testsuite skipped="0" hostname="LAPTOP-T55UJABO" name="com.bank.testsuite.BankTest" tests="5" failures="0" timestamp="2022-05-12T22:04:35 BST" time="28.514" errors="0">
  <testcase name="bankManagerShouldAddCustomerSuccessfully" time="5.115" classname="com.bank.testsuite.BankTest"/>
  <system-out>
    <![CDATA[Click on 'Bank Manager Login' Button<br>
Click on 'Add Customer' Button<br>
Enter First Name Bella to First Name field <br>
Enter Last Name Shah to Last Name field <br>
Enter Postcode HA0 4BY to Postcode field <br>
Click on 'Add Customer' Button<br>
Get Customer added successfully text : Customer added successfully<br>]]>
  </system-out>
  <testcase name="bankManagerShouldOpenAccountSuccessfully" time="6.150" classname="com.bank.testsuite.BankTest"/>
  <system-out>
    <![CDATA[Click on 'Bank Manager Login' Button<br>
Click on 'Open Account' Button<br>
Select Customer Just Added 'Ron Weasly'<br>
Select Currency 'Pound'<br>
Click on 'Process' Button<br>
Get Account created successfully text : Account created successfully<br>]]>
  </system-out>
  <testcase name="customerShouldLoginAndLogoutSuccessfully" time="4.806" classname="com.bank.testsuite.BankTest"/>
  <system-out>
    <![CDATA[Click on 'Customer Login' Button<br>
Select name from drop down 'Ron Weasly'<br>
Click on 'Login' Button<br>
Find Logout Button : logout<br>
Click on 'Logout' Button<br>
Get Your Name text : Your Name<br>]]>
  </system-out>
  <testcase name="customerShouldDepositMoneySuccessfully" time="5.099" classname="com.bank.testsuite.BankTest"/>
  <system-out>
    <![CDATA[Click on 'Customer Login' Button<br>
Select name from drop down 'Ron Weasly'<br>
Click on 'Login' Button<br>
Click on 'Deposit' Button<br>
Enter Deposit Amount 100 to Deposit Amount field <br>
Click on 'Deposit' Button<br>
Find Deposit Successful Message : Deposit Successful<br>]]>
  </system-out>
  <testcase name="customerShouldWithdrawMoneySuccessfully" time="7.344" classname="com.bank.testsuite.BankTest"/>
  <system-out>
    <![CDATA[Click on 'Customer Login' Button<br>
Select name from drop down 'Ron Weasly'<br>
Click on 'Login' Button<br>
Click on 'Deposit' Button<br>
Enter Deposit Amount 100 to Deposit Amount field <br>
Click on 'Deposit' Button<br>
Click on 'Withdrawal' Button<br>
Enter Withdrawal Amount 50 to Withdrawal Amount field <br>
Click on 'Withdrawal' Button<br>
Find Withdrawal Successful Message : Transaction successful<br>]]>
  </system-out>
</testsuite> <!-- com.bank.testsuite.BankTest -->
